# JRE version: OpenJDK Runtime Environment (8.0_152-b06) (build 1.8.0_152-release-1136-b06)
# Java VM: OpenJDK 64-Bit Server VM (25.152-b06 mixed mode linux-amd64 compressed oops)
Heap:
 PSYoungGen      total 560640K, used 14949K [0x00000000d5580000, 0x00000000ffd00000, 0x0000000100000000)
  eden space 428544K, 0% used [0x00000000d5580000,0x00000000d5580000,0x00000000ef800000)
  from space 132096K, 11% used [0x00000000f7c00000,0x00000000f8a99768,0x00000000ffd00000)
  to   space 133632K, 0% used [0x00000000ef800000,0x00000000ef800000,0x00000000f7a80000)
 ParOldGen       total 751616K, used 751368K [0x0000000080000000, 0x00000000ade00000, 0x00000000d5580000)
  object space 751616K, 99% used [0x0000000080000000,0x00000000addc2128,0x00000000ade00000)
 Metaspace       used 6889K, capacity 7448K, committed 7680K, reserved 1056768K
  class space    used 623K, capacity 656K, committed 768K, reserved 1048576K
GC Heap History (10 events):
Event: 40.580 GC heap after
Heap after GC invocations=22 (full 4):
 PSYoungGen      total 526848K, used 51704K [0x00000000d5580000, 0x00000000fea80000, 0x0000000100000000)
  eden space 404480K, 0% used [0x00000000d5580000,0x00000000d5580000,0x00000000ee080000)
  from space 122368K, 42% used [0x00000000f7300000,0x00000000fa57e2a8,0x00000000fea80000)
  to   space 136192K, 0% used [0x00000000ee080000,0x00000000ee080000,0x00000000f6580000)
 ParOldGen       total 751616K, used 516769K [0x0000000080000000, 0x00000000ade00000, 0x00000000d5580000)
  object space 751616K, 68% used [0x0000000080000000,0x000000009f8a87c8,0x00000000ade00000)
 Metaspace       used 6813K, capacity 7384K, committed 7680K, reserved 1056768K
  class space    used 619K, capacity 656K, committed 768K, reserved 1048576K
}
Event: 42.338 GC heap before
{Heap before GC invocations=23 (full 4):
 PSYoungGen      total 526848K, used 456184K [0x00000000d5580000, 0x00000000fea80000, 0x0000000100000000)
  eden space 404480K, 100% used [0x00000000d5580000,0x00000000ee080000,0x00000000ee080000)
  from space 122368K, 42% used [0x00000000f7300000,0x00000000fa57e2a8,0x00000000fea80000)
  to   space 136192K, 0% used [0x00000000ee080000,0x00000000ee080000,0x00000000f6580000)
 ParOldGen       total 751616K, used 516771K [0x0000000080000000, 0x00000000ade00000, 0x00000000d5580000)
  object space 751616K, 68% used [0x0000000080000000,0x000000009f8a8ec8,0x00000000ade00000)
 Metaspace       used 6814K, capacity 7384K, committed 7680K, reserved 1056768K
  class space    used 619K, capacity 656K, committed 768K, reserved 1048576K
Event: 44.902 GC heap after
Heap after GC invocations=23 (full 4):
 PSYoungGen      total 540672K, used 69718K [0x00000000d5580000, 0x0000000100000000, 0x0000000100000000)
  eden space 404480K, 0% used [0x00000000d5580000,0x00000000d5580000,0x00000000ee080000)
  from space 136192K, 51% used [0x00000000ee080000,0x00000000f2495ae8,0x00000000f6580000)
  to   space 133632K, 0% used [0x00000000f7d80000,0x00000000f7d80000,0x0000000100000000)
 ParOldGen       total 751616K, used 567156K [0x0000000080000000, 0x00000000ade00000, 0x00000000d5580000)
  object space 751616K, 75% used [0x0000000080000000,0x00000000a29dd188,0x00000000ade00000)
 Metaspace       used 6814K, capacity 7384K, committed 7680K, reserved 1056768K
  class space    used 619K, capacity 656K, committed 768K, reserved 1048576K
}
Event: 44.907 GC heap before
{Heap before GC invocations=24 (full 4):
 PSYoungGen      total 540672K, used 74808K [0x00000000d5580000, 0x0000000100000000, 0x0000000100000000)
  eden space 404480K, 1% used [0x00000000d5580000,0x00000000d5a78688,0x00000000ee080000)
  from space 136192K, 51% used [0x00000000ee080000,0x00000000f2495ae8,0x00000000f6580000)
  to   space 133632K, 0% used [0x00000000f7d80000,0x00000000f7d80000,0x0000000100000000)
 ParOldGen       total 751616K, used 567156K [0x0000000080000000, 0x00000000ade00000, 0x00000000d5580000)
  object space 751616K, 75% used [0x0000000080000000,0x00000000a29dd188,0x00000000ade00000)
 Metaspace       used 6814K, capacity 7384K, committed 7680K, reserved 1056768K
  class space    used 619K, capacity 656K, committed 768K, reserved 1048576K
Event: 47.317 GC heap after
Heap after GC invocations=24 (full 4):
 PSYoungGen      total 562176K, used 416K [0x00000000d5580000, 0x0000000100000000, 0x0000000100000000)
  eden space 428544K, 0% used [0x00000000d5580000,0x00000000d5580000,0x00000000ef800000)
  from space 133632K, 0% used [0x00000000f7d80000,0x00000000f7de8000,0x0000000100000000)
  to   space 135168K, 0% used [0x00000000ef800000,0x00000000ef800000,0x00000000f7c00000)
 ParOldGen       total 751616K, used 637161K [0x0000000080000000, 0x00000000ade00000, 0x00000000d5580000)
  object space 751616K, 84% used [0x0000000080000000,0x00000000a6e3a708,0x00000000ade00000)
 Metaspace       used 6814K, capacity 7384K, committed 7680K, reserved 1056768K
  class space    used 619K, capacity 656K, committed 768K, reserved 1048576K
}
Event: 49.522 GC heap before
{Heap before GC invocations=25 (full 4):
 PSYoungGen      total 562176K, used 428960K [0x00000000d5580000, 0x0000000100000000, 0x0000000100000000)
  eden space 428544K, 100% used [0x00000000d5580000,0x00000000ef800000,0x00000000ef800000)
  from space 133632K, 0% used [0x00000000f7d80000,0x00000000f7de8000,0x0000000100000000)
  to   space 135168K, 0% used [0x00000000ef800000,0x00000000ef800000,0x00000000f7c00000)
 ParOldGen       total 751616K, used 637161K [0x0000000080000000, 0x00000000ade00000, 0x00000000d5580000)
  object space 751616K, 84% used [0x0000000080000000,0x00000000a6e3a708,0x00000000ade00000)
 Metaspace       used 6814K, capacity 7384K, committed 7680K, reserved 1056768K
  class space    used 619K, capacity 656K, committed 768K, reserved 1048576K
Event: 49.594 GC heap after
Heap after GC invocations=25 (full 4):
 PSYoungGen      total 563712K, used 73398K [0x00000000d5580000, 0x0000000100000000, 0x0000000100000000)
  eden space 428544K, 0% used [0x00000000d5580000,0x00000000d5580000,0x00000000ef800000)
  from space 135168K, 54% used [0x00000000ef800000,0x00000000f3fad990,0x00000000f7c00000)
  to   space 135168K, 0% used [0x00000000f7c00000,0x00000000f7c00000,0x0000000100000000)
 ParOldGen       total 751616K, used 637481K [0x0000000080000000, 0x00000000ade00000, 0x00000000d5580000)
  object space 751616K, 84% used [0x0000000080000000,0x00000000a6e8a708,0x00000000ade00000)
 Metaspace       used 6814K, capacity 7384K, committed 7680K, reserved 1056768K
  class space    used 619K, capacity 656K, committed 768K, reserved 1048576K
}
Event: 52.133 GC heap before
{Heap before GC invocations=26 (full 4):
 PSYoungGen      total 563712K, used 501942K [0x00000000d5580000, 0x0000000100000000, 0x0000000100000000)
  eden space 428544K, 100% used [0x00000000d5580000,0x00000000ef800000,0x00000000ef800000)
  from space 135168K, 54% used [0x00000000ef800000,0x00000000f3fad990,0x00000000f7c00000)
  to   space 135168K, 0% used [0x00000000f7c00000,0x00000000f7c00000,0x0000000100000000)
 ParOldGen       total 751616K, used 637481K [0x0000000080000000, 0x00000000ade00000, 0x00000000d5580000)
  object space 751616K, 84% used [0x0000000080000000,0x00000000a6e8a708,0x00000000ade00000)
 Metaspace       used 6889K, capacity 7448K, committed 7680K, reserved 1056768K
  class space    used 623K, capacity 656K, committed 768K, reserved 1048576K
Event: 53.009 GC heap after
Heap after GC invocations=26 (full 4):
 PSYoungGen      total 560640K, used 70484K [0x00000000d5580000, 0x00000000ffd00000, 0x0000000100000000)
  eden space 428544K, 0% used [0x00000000d5580000,0x00000000d5580000,0x00000000ef800000)
  from space 132096K, 53% used [0x00000000f7c00000,0x00000000fc0d52e0,0x00000000ffd00000)
  to   space 133632K, 0% used [0x00000000ef800000,0x00000000ef800000,0x00000000f7a80000)
 ParOldGen       total 751616K, used 706950K [0x0000000080000000, 0x00000000ade00000, 0x00000000d5580000)
  object space 751616K, 94% used [0x0000000080000000,0x00000000ab261ae0,0x00000000ade00000)
 Metaspace       used 6889K, capacity 7448K, committed 7680K, reserved 1056768K
  class space    used 623K, capacity 656K, committed 768K, reserved 1048576K
}
Event: 53.009 GC heap before
{Heap before GC invocations=27 (full 5):
 PSYoungGen      total 560640K, used 70484K [0x00000000d5580000, 0x00000000ffd00000, 0x0000000100000000)
  eden space 428544K, 0% used [0x00000000d5580000,0x00000000d5580000,0x00000000ef800000)
  from space 132096K, 53% used [0x00000000f7c00000,0x00000000fc0d52e0,0x00000000ffd00000)
  to   space 133632K, 0% used [0x00000000ef800000,0x00000000ef800000,0x00000000f7a80000)
 ParOldGen       total 751616K, used 706950K [0x0000000080000000, 0x00000000ade00000, 0x00000000d5580000)
  object space 751616K, 94% used [0x0000000080000000,0x00000000ab261ae0,0x00000000ade00000)
 Metaspace       used 6889K, capacity 7448K, committed 7680K, reserved 1056768K
  class space    used 623K, capacity 656K, committed 768K, reserved 1048576K

