# JRE version: OpenJDK Runtime Environment (8.0_152-b06) (build 1.8.0_152-release-1136-b06)
# Java VM: OpenJDK 64-Bit Server VM (25.152-b06 mixed mode linux-amd64 compressed oops)
Heap:
 PSYoungGen      total 540672K, used 0K [0x00000000d5580000, 0x0000000100000000, 0x0000000100000000)
  eden space 390656K, 0% used [0x00000000d5580000,0x00000000d5580000,0x00000000ed300000)
  from space 150016K, 0% used [0x00000000f6d80000,0x00000000f6d80000,0x0000000100000000)
  to   space 154112K, 0% used [0x00000000ed300000,0x00000000ed300000,0x00000000f6980000)
 ParOldGen       total 886272K, used 853916K [0x0000000080000000, 0x00000000b6180000, 0x00000000d5580000)
  object space 886272K, 96% used [0x0000000080000000,0x00000000b41e73b0,0x00000000b6180000)
 Metaspace       used 6943K, capacity 7512K, committed 7680K, reserved 1056768K
  class space    used 627K, capacity 656K, committed 768K, reserved 1048576K
GC Heap History (10 events):
Event: 66.140 GC heap after
Heap after GC invocations=23 (full 4):
 PSYoungGen      total 552448K, used 68840K [0x00000000d5580000, 0x0000000100000000, 0x0000000100000000)
  eden space 406016K, 0% used [0x00000000d5580000,0x00000000d5580000,0x00000000ee200000)
  from space 146432K, 47% used [0x00000000ee200000,0x00000000f253a2c0,0x00000000f7100000)
  to   space 141824K, 0% used [0x00000000f7580000,0x00000000f7580000,0x0000000100000000)
 ParOldGen       total 625152K, used 616309K [0x0000000080000000, 0x00000000a6280000, 0x00000000d5580000)
  object space 625152K, 98% used [0x0000000080000000,0x00000000a59dd718,0x00000000a6280000)
 Metaspace       used 6799K, capacity 7384K, committed 7680K, reserved 1056768K
  class space    used 619K, capacity 656K, committed 768K, reserved 1048576K
}
Event: 66.286 GC heap before
{Heap before GC invocations=24 (full 5):
 PSYoungGen      total 552448K, used 68840K [0x00000000d5580000, 0x0000000100000000, 0x0000000100000000)
  eden space 406016K, 0% used [0x00000000d5580000,0x00000000d5580000,0x00000000ee200000)
  from space 146432K, 47% used [0x00000000ee200000,0x00000000f253a2c0,0x00000000f7100000)
  to   space 141824K, 0% used [0x00000000f7580000,0x00000000f7580000,0x0000000100000000)
 ParOldGen       total 625152K, used 616309K [0x0000000080000000, 0x00000000a6280000, 0x00000000d5580000)
  object space 625152K, 98% used [0x0000000080000000,0x00000000a59dd718,0x00000000a6280000)
 Metaspace       used 6799K, capacity 7384K, committed 7680K, reserved 1056768K
  class space    used 619K, capacity 656K, committed 768K, reserved 1048576K
Event: 76.468 GC heap after
Heap after GC invocations=24 (full 5):
 PSYoungGen      total 552448K, used 52641K [0x00000000d5580000, 0x0000000100000000, 0x0000000100000000)
  eden space 406016K, 0% used [0x00000000d5580000,0x00000000d5580000,0x00000000ee200000)
  from space 146432K, 35% used [0x00000000ee200000,0x00000000f1568448,0x00000000f7100000)
  to   space 141824K, 0% used [0x00000000f7580000,0x00000000f7580000,0x0000000100000000)
 ParOldGen       total 886272K, used 625012K [0x0000000080000000, 0x00000000b6180000, 0x00000000d5580000)
  object space 886272K, 70% used [0x0000000080000000,0x00000000a625d080,0x00000000b6180000)
 Metaspace       used 6799K, capacity 7384K, committed 7680K, reserved 1056768K
  class space    used 619K, capacity 656K, committed 768K, reserved 1048576K
}
Event: 80.069 GC heap before
{Heap before GC invocations=25 (full 5):
 PSYoungGen      total 552448K, used 458657K [0x00000000d5580000, 0x0000000100000000, 0x0000000100000000)
  eden space 406016K, 100% used [0x00000000d5580000,0x00000000ee200000,0x00000000ee200000)
  from space 146432K, 35% used [0x00000000ee200000,0x00000000f1568448,0x00000000f7100000)
  to   space 141824K, 0% used [0x00000000f7580000,0x00000000f7580000,0x0000000100000000)
 ParOldGen       total 886272K, used 625012K [0x0000000080000000, 0x00000000b6180000, 0x00000000d5580000)
  object space 886272K, 70% used [0x0000000080000000,0x00000000a625d080,0x00000000b6180000)
 Metaspace       used 6799K, capacity 7384K, committed 7680K, reserved 1056768K
  class space    used 619K, capacity 656K, committed 768K, reserved 1048576K
Event: 80.717 GC heap after
Heap after GC invocations=25 (full 5):
 PSYoungGen      total 540672K, used 70644K [0x00000000d5580000, 0x00000000ff480000, 0x0000000100000000)
  eden space 410624K, 0% used [0x00000000d5580000,0x00000000d5580000,0x00000000ee680000)
  from space 130048K, 54% used [0x00000000f7580000,0x00000000fba7d1c0,0x00000000ff480000)
  to   space 138240K, 0% used [0x00000000ee680000,0x00000000ee680000,0x00000000f6d80000)
 ParOldGen       total 886272K, used 675689K [0x0000000080000000, 0x00000000b6180000, 0x00000000d5580000)
  object space 886272K, 76% used [0x0000000080000000,0x00000000a93da6f8,0x00000000b6180000)
 Metaspace       used 6799K, capacity 7384K, committed 7680K, reserved 1056768K
  class space    used 619K, capacity 656K, committed 768K, reserved 1048576K
}
Event: 82.692 GC heap before
{Heap before GC invocations=26 (full 5):
 PSYoungGen      total 540672K, used 481268K [0x00000000d5580000, 0x00000000ff480000, 0x0000000100000000)
  eden space 410624K, 100% used [0x00000000d5580000,0x00000000ee680000,0x00000000ee680000)
  from space 130048K, 54% used [0x00000000f7580000,0x00000000fba7d1c0,0x00000000ff480000)
  to   space 138240K, 0% used [0x00000000ee680000,0x00000000ee680000,0x00000000f6d80000)
 ParOldGen       total 886272K, used 675689K [0x0000000080000000, 0x00000000b6180000, 0x00000000d5580000)
  object space 886272K, 76% used [0x0000000080000000,0x00000000a93da6f8,0x00000000b6180000)
 Metaspace       used 6886K, capacity 7448K, committed 7680K, reserved 1056768K
  class space    used 624K, capacity 656K, committed 768K, reserved 1048576K
Event: 82.827 GC heap after
Heap after GC invocations=26 (full 5):
 PSYoungGen      total 548864K, used 138223K [0x00000000d5580000, 0x0000000100000000, 0x0000000100000000)
  eden space 410624K, 0% used [0x00000000d5580000,0x00000000d5580000,0x00000000ee680000)
  from space 138240K, 99% used [0x00000000ee680000,0x00000000f6d7bd08,0x00000000f6d80000)
  to   space 150016K, 0% used [0x00000000f6d80000,0x00000000f6d80000,0x0000000100000000)
 ParOldGen       total 886272K, used 685057K [0x0000000080000000, 0x00000000b6180000, 0x00000000d5580000)
  object space 886272K, 77% used [0x0000000080000000,0x00000000a9d00738,0x00000000b6180000)
 Metaspace       used 6886K, capacity 7448K, committed 7680K, reserved 1056768K
  class space    used 624K, capacity 656K, committed 768K, reserved 1048576K
}
Event: 84.504 GC heap before
{Heap before GC invocations=27 (full 5):
 PSYoungGen      total 548864K, used 548847K [0x00000000d5580000, 0x0000000100000000, 0x0000000100000000)
  eden space 410624K, 100% used [0x00000000d5580000,0x00000000ee680000,0x00000000ee680000)
  from space 138240K, 99% used [0x00000000ee680000,0x00000000f6d7bd08,0x00000000f6d80000)
  to   space 150016K, 0% used [0x00000000f6d80000,0x00000000f6d80000,0x0000000100000000)
 ParOldGen       total 886272K, used 685057K [0x0000000080000000, 0x00000000b6180000, 0x00000000d5580000)
  object space 886272K, 77% used [0x0000000080000000,0x00000000a9d00738,0x00000000b6180000)
 Metaspace       used 6943K, capacity 7512K, committed 7680K, reserved 1056768K
  class space    used 627K, capacity 656K, committed 768K, reserved 1048576K
Event: 85.660 GC heap after
Heap after GC invocations=27 (full 5):
 PSYoungGen      total 540672K, used 64397K [0x00000000d5580000, 0x0000000100000000, 0x0000000100000000)
  eden space 390656K, 0% used [0x00000000d5580000,0x00000000d5580000,0x00000000ed300000)
  from space 150016K, 42% used [0x00000000f6d80000,0x00000000fac63518,0x0000000100000000)
  to   space 154112K, 0% used [0x00000000ed300000,0x00000000ed300000,0x00000000f6980000)
 ParOldGen       total 886272K, used 802985K [0x0000000080000000, 0x00000000b6180000, 0x00000000d5580000)
  object space 886272K, 90% used [0x0000000080000000,0x00000000b102a7d8,0x00000000b6180000)
 Metaspace       used 6943K, capacity 7512K, committed 7680K, reserved 1056768K
  class space    used 627K, capacity 656K, committed 768K, reserved 1048576K
}
Event: 85.677 GC heap before
{Heap before GC invocations=28 (full 6):
 PSYoungGen      total 540672K, used 64397K [0x00000000d5580000, 0x0000000100000000, 0x0000000100000000)
  eden space 390656K, 0% used [0x00000000d5580000,0x00000000d5580000,0x00000000ed300000)
  from space 150016K, 42% used [0x00000000f6d80000,0x00000000fac63518,0x0000000100000000)
  to   space 154112K, 0% used [0x00000000ed300000,0x00000000ed300000,0x00000000f6980000)
 ParOldGen       total 886272K, used 802985K [0x0000000080000000, 0x00000000b6180000, 0x00000000d5580000)
  object space 886272K, 90% used [0x0000000080000000,0x00000000b102a7d8,0x00000000b6180000)
 Metaspace       used 6943K, capacity 7512K, committed 7680K, reserved 1056768K
  class space    used 627K, capacity 656K, committed 768K, reserved 1048576K

