# JRE version: OpenJDK Runtime Environment (8.0_152-b06) (build 1.8.0_152-release-1136-b06)
# Java VM: OpenJDK 64-Bit Server VM (25.152-b06 mixed mode linux-amd64 compressed oops)
Heap:
 PSYoungGen      total 508928K, used 0K [0x00000000d5580000, 0x00000000ff800000, 0x0000000100000000)
  eden space 446976K, 0% used [0x00000000d5580000,0x00000000d5580000,0x00000000f0a00000)
  from space 61952K, 0% used [0x00000000f0a00000,0x00000000f0a00000,0x00000000f4680000)
  to   space 121344K, 0% used [0x00000000f8180000,0x00000000f8180000,0x00000000ff800000)
 ParOldGen       total 845824K, used 813150K [0x0000000080000000, 0x00000000b3a00000, 0x00000000d5580000)
  object space 845824K, 96% used [0x0000000080000000,0x00000000b1a178a0,0x00000000b3a00000)
 Metaspace       used 6938K, capacity 7448K, committed 7680K, reserved 1056768K
  class space    used 626K, capacity 656K, committed 768K, reserved 1048576K
GC Heap History (10 events):
Event: 166.216 GC heap after
Heap after GC invocations=22 (full 4):
 PSYoungGen      total 577536K, used 68353K [0x00000000d5580000, 0x0000000100000000, 0x0000000100000000)
  eden space 457216K, 0% used [0x00000000d5580000,0x00000000d5580000,0x00000000f1400000)
  from space 120320K, 56% used [0x00000000f8a80000,0x00000000fcd40710,0x0000000100000000)
  to   space 120832K, 0% used [0x00000000f1400000,0x00000000f1400000,0x00000000f8a00000)
 ParOldGen       total 626176K, used 551635K [0x0000000080000000, 0x00000000a6380000, 0x00000000d5580000)
  object space 626176K, 88% used [0x0000000080000000,0x00000000a1ab4fb0,0x00000000a6380000)
 Metaspace       used 6822K, capacity 7384K, committed 7680K, reserved 1056768K
  class space    used 619K, capacity 656K, committed 768K, reserved 1048576K
}
Event: 166.216 GC heap before
{Heap before GC invocations=23 (full 5):
 PSYoungGen      total 577536K, used 68353K [0x00000000d5580000, 0x0000000100000000, 0x0000000100000000)
  eden space 457216K, 0% used [0x00000000d5580000,0x00000000d5580000,0x00000000f1400000)
  from space 120320K, 56% used [0x00000000f8a80000,0x00000000fcd40710,0x0000000100000000)
  to   space 120832K, 0% used [0x00000000f1400000,0x00000000f1400000,0x00000000f8a00000)
 ParOldGen       total 626176K, used 551635K [0x0000000080000000, 0x00000000a6380000, 0x00000000d5580000)
  object space 626176K, 88% used [0x0000000080000000,0x00000000a1ab4fb0,0x00000000a6380000)
 Metaspace       used 6822K, capacity 7384K, committed 7680K, reserved 1056768K
  class space    used 619K, capacity 656K, committed 768K, reserved 1048576K
Event: 179.309 GC heap after
Heap after GC invocations=23 (full 5):
 PSYoungGen      total 577536K, used 0K [0x00000000d5580000, 0x0000000100000000, 0x0000000100000000)
  eden space 457216K, 0% used [0x00000000d5580000,0x00000000d5580000,0x00000000f1400000)
  from space 120320K, 0% used [0x00000000f8a80000,0x00000000f8a80000,0x0000000100000000)
  to   space 120832K, 0% used [0x00000000f1400000,0x00000000f1400000,0x00000000f8a00000)
 ParOldGen       total 845824K, used 617731K [0x0000000080000000, 0x00000000b3a00000, 0x00000000d5580000)
  object space 845824K, 73% used [0x0000000080000000,0x00000000a5b40f00,0x00000000b3a00000)
 Metaspace       used 6822K, capacity 7384K, committed 7680K, reserved 1056768K
  class space    used 619K, capacity 656K, committed 768K, reserved 1048576K
}
Event: 185.126 GC heap before
{Heap before GC invocations=24 (full 5):
 PSYoungGen      total 577536K, used 457216K [0x00000000d5580000, 0x0000000100000000, 0x0000000100000000)
  eden space 457216K, 100% used [0x00000000d5580000,0x00000000f1400000,0x00000000f1400000)
  from space 120320K, 0% used [0x00000000f8a80000,0x00000000f8a80000,0x0000000100000000)
  to   space 120832K, 0% used [0x00000000f1400000,0x00000000f1400000,0x00000000f8a00000)
 ParOldGen       total 845824K, used 617731K [0x0000000080000000, 0x00000000b3a00000, 0x00000000d5580000)
  object space 845824K, 73% used [0x0000000080000000,0x00000000a5b40f00,0x00000000b3a00000)
 Metaspace       used 6823K, capacity 7384K, committed 7680K, reserved 1056768K
  class space    used 619K, capacity 656K, committed 768K, reserved 1048576K
Event: 185.196 GC heap after
Heap after GC invocations=24 (full 5):
 PSYoungGen      total 538112K, used 80440K [0x00000000d5580000, 0x0000000100000000, 0x0000000100000000)
  eden space 457216K, 0% used [0x00000000d5580000,0x00000000d5580000,0x00000000f1400000)
  from space 80896K, 99% used [0x00000000f1400000,0x00000000f628e138,0x00000000f6300000)
  to   space 124928K, 0% used [0x00000000f8600000,0x00000000f8600000,0x0000000100000000)
 ParOldGen       total 845824K, used 617731K [0x0000000080000000, 0x00000000b3a00000, 0x00000000d5580000)
  object space 845824K, 73% used [0x0000000080000000,0x00000000a5b40f00,0x00000000b3a00000)
 Metaspace       used 6823K, capacity 7384K, committed 7680K, reserved 1056768K
  class space    used 619K, capacity 656K, committed 768K, reserved 1048576K
}
Event: 191.386 GC heap before
{Heap before GC invocations=25 (full 5):
 PSYoungGen      total 538112K, used 537656K [0x00000000d5580000, 0x0000000100000000, 0x0000000100000000)
  eden space 457216K, 100% used [0x00000000d5580000,0x00000000f1400000,0x00000000f1400000)
  from space 80896K, 99% used [0x00000000f1400000,0x00000000f628e138,0x00000000f6300000)
  to   space 124928K, 0% used [0x00000000f8600000,0x00000000f8600000,0x0000000100000000)
 ParOldGen       total 845824K, used 617731K [0x0000000080000000, 0x00000000b3a00000, 0x00000000d5580000)
  object space 845824K, 73% used [0x0000000080000000,0x00000000a5b40f00,0x00000000b3a00000)
 Metaspace       used 6826K, capacity 7448K, committed 7680K, reserved 1056768K
  class space    used 620K, capacity 656K, committed 768K, reserved 1048576K
Event: 211.128 GC heap after
Heap after GC invocations=25 (full 5):
 PSYoungGen      total 571904K, used 75583K [0x00000000d5580000, 0x0000000100000000, 0x0000000100000000)
  eden space 446976K, 0% used [0x00000000d5580000,0x00000000d5580000,0x00000000f0a00000)
  from space 124928K, 60% used [0x00000000f8600000,0x00000000fcfcfdc8,0x0000000100000000)
  to   space 125952K, 0% used [0x00000000f0a00000,0x00000000f0a00000,0x00000000f8500000)
 ParOldGen       total 845824K, used 694616K [0x0000000080000000, 0x00000000b3a00000, 0x00000000d5580000)
  object space 845824K, 82% used [0x0000000080000000,0x00000000aa656388,0x00000000b3a00000)
 Metaspace       used 6826K, capacity 7448K, committed 7680K, reserved 1056768K
  class space    used 620K, capacity 656K, committed 768K, reserved 1048576K
}
Event: 215.806 GC heap before
{Heap before GC invocations=26 (full 5):
 PSYoungGen      total 571904K, used 522559K [0x00000000d5580000, 0x0000000100000000, 0x0000000100000000)
  eden space 446976K, 100% used [0x00000000d5580000,0x00000000f0a00000,0x00000000f0a00000)
  from space 124928K, 60% used [0x00000000f8600000,0x00000000fcfcfdc8,0x0000000100000000)
  to   space 125952K, 0% used [0x00000000f0a00000,0x00000000f0a00000,0x00000000f8500000)
 ParOldGen       total 845824K, used 694616K [0x0000000080000000, 0x00000000b3a00000, 0x00000000d5580000)
  object space 845824K, 82% used [0x0000000080000000,0x00000000aa656388,0x00000000b3a00000)
 Metaspace       used 6938K, capacity 7448K, committed 7680K, reserved 1056768K
  class space    used 626K, capacity 656K, committed 768K, reserved 1048576K
Event: 217.231 GC heap after
Heap after GC invocations=26 (full 5):
 PSYoungGen      total 508928K, used 61792K [0x00000000d5580000, 0x00000000ff800000, 0x0000000100000000)
  eden space 446976K, 0% used [0x00000000d5580000,0x00000000d5580000,0x00000000f0a00000)
  from space 61952K, 99% used [0x00000000f0a00000,0x00000000f46580e0,0x00000000f4680000)
  to   space 121344K, 0% used [0x00000000f8180000,0x00000000f8180000,0x00000000ff800000)
 ParOldGen       total 845824K, used 766408K [0x0000000080000000, 0x00000000b3a00000, 0x00000000d5580000)
  object space 845824K, 90% used [0x0000000080000000,0x00000000aec720d8,0x00000000b3a00000)
 Metaspace       used 6938K, capacity 7448K, committed 7680K, reserved 1056768K
  class space    used 626K, capacity 656K, committed 768K, reserved 1048576K
}
Event: 217.392 GC heap before
{Heap before GC invocations=27 (full 6):
 PSYoungGen      total 508928K, used 61792K [0x00000000d5580000, 0x00000000ff800000, 0x0000000100000000)
  eden space 446976K, 0% used [0x00000000d5580000,0x00000000d5580000,0x00000000f0a00000)
  from space 61952K, 99% used [0x00000000f0a00000,0x00000000f46580e0,0x00000000f4680000)
  to   space 121344K, 0% used [0x00000000f8180000,0x00000000f8180000,0x00000000ff800000)
 ParOldGen       total 845824K, used 766408K [0x0000000080000000, 0x00000000b3a00000, 0x00000000d5580000)
  object space 845824K, 90% used [0x0000000080000000,0x00000000aec720d8,0x00000000b3a00000)
 Metaspace       used 6938K, capacity 7448K, committed 7680K, reserved 1056768K
  class space    used 626K, capacity 656K, committed 768K, reserved 1048576K

