# JRE version: OpenJDK Runtime Environment (8.0_152-b06) (build 1.8.0_152-release-1136-b06)
# Java VM: OpenJDK 64-Bit Server VM (25.152-b06 mixed mode linux-amd64 compressed oops)
Heap:
 PSYoungGen      total 528896K, used 16776K [0x00000000d5580000, 0x0000000100000000, 0x0000000100000000)
  eden space 406016K, 0% used [0x00000000d5580000,0x00000000d5580000,0x00000000ee200000)
  from space 122880K, 13% used [0x00000000f8800000,0x00000000f9862188,0x0000000100000000)
  to   space 146432K, 0% used [0x00000000ee200000,0x00000000ee200000,0x00000000f7100000)
 ParOldGen       total 609792K, used 609720K [0x0000000080000000, 0x00000000a5380000, 0x00000000d5580000)
  object space 609792K, 99% used [0x0000000080000000,0x00000000a536e1d0,0x00000000a5380000)
 Metaspace       used 6824K, capacity 7384K, committed 7680K, reserved 1056768K
  class space    used 620K, capacity 656K, committed 768K, reserved 1048576K
GC Heap History (10 events):
Event: 31.738 GC heap after
Heap after GC invocations=18 (full 3):
 PSYoungGen      total 557056K, used 78270K [0x00000000d5580000, 0x0000000100000000, 0x0000000100000000)
  eden space 478720K, 0% used [0x00000000d5580000,0x00000000d5580000,0x00000000f2900000)
  from space 78336K, 99% used [0x00000000f2900000,0x00000000f756fa38,0x00000000f7580000)
  to   space 117248K, 0% used [0x00000000f8d80000,0x00000000f8d80000,0x0000000100000000)
 ParOldGen       total 420864K, used 347126K [0x0000000080000000, 0x0000000099b00000, 0x00000000d5580000)
  object space 420864K, 82% used [0x0000000080000000,0x00000000952fd9b8,0x0000000099b00000)
 Metaspace       used 6817K, capacity 7384K, committed 7680K, reserved 1056768K
  class space    used 619K, capacity 656K, committed 768K, reserved 1048576K
}
Event: 31.738 GC heap before
{Heap before GC invocations=19 (full 4):
 PSYoungGen      total 557056K, used 78270K [0x00000000d5580000, 0x0000000100000000, 0x0000000100000000)
  eden space 478720K, 0% used [0x00000000d5580000,0x00000000d5580000,0x00000000f2900000)
  from space 78336K, 99% used [0x00000000f2900000,0x00000000f756fa38,0x00000000f7580000)
  to   space 117248K, 0% used [0x00000000f8d80000,0x00000000f8d80000,0x0000000100000000)
 ParOldGen       total 420864K, used 347126K [0x0000000080000000, 0x0000000099b00000, 0x00000000d5580000)
  object space 420864K, 82% used [0x0000000080000000,0x00000000952fd9b8,0x0000000099b00000)
 Metaspace       used 6817K, capacity 7384K, committed 7680K, reserved 1056768K
  class space    used 619K, capacity 656K, committed 768K, reserved 1048576K
Event: 33.552 GC heap after
Heap after GC invocations=19 (full 4):
 PSYoungGen      total 557056K, used 3237K [0x00000000d5580000, 0x0000000100000000, 0x0000000100000000)
  eden space 478720K, 0% used [0x00000000d5580000,0x00000000d5580000,0x00000000f2900000)
  from space 78336K, 4% used [0x00000000f2900000,0x00000000f2c29430,0x00000000f7580000)
  to   space 117248K, 0% used [0x00000000f8d80000,0x00000000f8d80000,0x0000000100000000)
 ParOldGen       total 609792K, used 420780K [0x0000000080000000, 0x00000000a5380000, 0x00000000d5580000)
  object space 609792K, 69% used [0x0000000080000000,0x0000000099aeb3f0,0x00000000a5380000)
 Metaspace       used 6817K, capacity 7384K, committed 7680K, reserved 1056768K
  class space    used 619K, capacity 656K, committed 768K, reserved 1048576K
}
Event: 36.135 GC heap before
{Heap before GC invocations=20 (full 4):
 PSYoungGen      total 557056K, used 481957K [0x00000000d5580000, 0x0000000100000000, 0x0000000100000000)
  eden space 478720K, 100% used [0x00000000d5580000,0x00000000f2900000,0x00000000f2900000)
  from space 78336K, 4% used [0x00000000f2900000,0x00000000f2c29430,0x00000000f7580000)
  to   space 117248K, 0% used [0x00000000f8d80000,0x00000000f8d80000,0x0000000100000000)
 ParOldGen       total 609792K, used 420780K [0x0000000080000000, 0x00000000a5380000, 0x00000000d5580000)
  object space 609792K, 69% used [0x0000000080000000,0x0000000099aeb3f0,0x00000000a5380000)
 Metaspace       used 6818K, capacity 7384K, committed 7680K, reserved 1056768K
  class space    used 619K, capacity 656K, committed 768K, reserved 1048576K
Event: 36.329 GC heap after
Heap after GC invocations=20 (full 4):
 PSYoungGen      total 570368K, used 78426K [0x00000000d5580000, 0x0000000100000000, 0x0000000100000000)
  eden space 453120K, 0% used [0x00000000d5580000,0x00000000d5580000,0x00000000f1000000)
  from space 117248K, 66% used [0x00000000f8d80000,0x00000000fda16818,0x0000000100000000)
  to   space 122880K, 0% used [0x00000000f1000000,0x00000000f1000000,0x00000000f8800000)
 ParOldGen       total 609792K, used 420972K [0x0000000080000000, 0x00000000a5380000, 0x00000000d5580000)
  object space 609792K, 69% used [0x0000000080000000,0x0000000099b1b3f0,0x00000000a5380000)
 Metaspace       used 6818K, capacity 7384K, committed 7680K, reserved 1056768K
  class space    used 619K, capacity 656K, committed 768K, reserved 1048576K
}
Event: 37.310 GC heap before
{Heap before GC invocations=21 (full 4):
 PSYoungGen      total 570368K, used 531546K [0x00000000d5580000, 0x0000000100000000, 0x0000000100000000)
  eden space 453120K, 100% used [0x00000000d5580000,0x00000000f1000000,0x00000000f1000000)
  from space 117248K, 66% used [0x00000000f8d80000,0x00000000fda16818,0x0000000100000000)
  to   space 122880K, 0% used [0x00000000f1000000,0x00000000f1000000,0x00000000f8800000)
 ParOldGen       total 609792K, used 420972K [0x0000000080000000, 0x00000000a5380000, 0x00000000d5580000)
  object space 609792K, 69% used [0x0000000080000000,0x0000000099b1b3f0,0x00000000a5380000)
 Metaspace       used 6822K, capacity 7384K, committed 7680K, reserved 1056768K
  class space    used 619K, capacity 656K, committed 768K, reserved 1048576K
Event: 37.467 GC heap after
Heap after GC invocations=21 (full 4):
 PSYoungGen      total 576000K, used 122852K [0x00000000d5580000, 0x0000000100000000, 0x0000000100000000)
  eden space 453120K, 0% used [0x00000000d5580000,0x00000000d5580000,0x00000000f1000000)
  from space 122880K, 99% used [0x00000000f1000000,0x00000000f87f9168,0x00000000f8800000)
  to   space 122880K, 0% used [0x00000000f8800000,0x00000000f8800000,0x0000000100000000)
 ParOldGen       total 609792K, used 438354K [0x0000000080000000, 0x00000000a5380000, 0x00000000d5580000)
  object space 609792K, 71% used [0x0000000080000000,0x000000009ac14a60,0x00000000a5380000)
 Metaspace       used 6822K, capacity 7384K, committed 7680K, reserved 1056768K
  class space    used 619K, capacity 656K, committed 768K, reserved 1048576K
}
Event: 38.224 GC heap before
{Heap before GC invocations=22 (full 4):
 PSYoungGen      total 576000K, used 575972K [0x00000000d5580000, 0x0000000100000000, 0x0000000100000000)
  eden space 453120K, 100% used [0x00000000d5580000,0x00000000f1000000,0x00000000f1000000)
  from space 122880K, 99% used [0x00000000f1000000,0x00000000f87f9168,0x00000000f8800000)
  to   space 122880K, 0% used [0x00000000f8800000,0x00000000f8800000,0x0000000100000000)
 ParOldGen       total 609792K, used 438354K [0x0000000080000000, 0x00000000a5380000, 0x00000000d5580000)
  object space 609792K, 71% used [0x0000000080000000,0x000000009ac14a60,0x00000000a5380000)
 Metaspace       used 6824K, capacity 7384K, committed 7680K, reserved 1056768K
  class space    used 620K, capacity 656K, committed 768K, reserved 1048576K
Event: 38.451 GC heap after
Heap after GC invocations=22 (full 4):
 PSYoungGen      total 528896K, used 72286K [0x00000000d5580000, 0x0000000100000000, 0x0000000100000000)
  eden space 406016K, 0% used [0x00000000d5580000,0x00000000d5580000,0x00000000ee200000)
  from space 122880K, 58% used [0x00000000f8800000,0x00000000fce97850,0x0000000100000000)
  to   space 146432K, 0% used [0x00000000ee200000,0x00000000ee200000,0x00000000f7100000)
 ParOldGen       total 609792K, used 561269K [0x0000000080000000, 0x00000000a5380000, 0x00000000d5580000)
  object space 609792K, 92% used [0x0000000080000000,0x00000000a241d698,0x00000000a5380000)
 Metaspace       used 6824K, capacity 7384K, committed 7680K, reserved 1056768K
  class space    used 620K, capacity 656K, committed 768K, reserved 1048576K
}
Event: 38.451 GC heap before
{Heap before GC invocations=23 (full 5):
 PSYoungGen      total 528896K, used 72286K [0x00000000d5580000, 0x0000000100000000, 0x0000000100000000)
  eden space 406016K, 0% used [0x00000000d5580000,0x00000000d5580000,0x00000000ee200000)
  from space 122880K, 58% used [0x00000000f8800000,0x00000000fce97850,0x0000000100000000)
  to   space 146432K, 0% used [0x00000000ee200000,0x00000000ee200000,0x00000000f7100000)
 ParOldGen       total 609792K, used 561269K [0x0000000080000000, 0x00000000a5380000, 0x00000000d5580000)
  object space 609792K, 92% used [0x0000000080000000,0x00000000a241d698,0x00000000a5380000)
 Metaspace       used 6824K, capacity 7384K, committed 7680K, reserved 1056768K
  class space    used 620K, capacity 656K, committed 768K, reserved 1048576K

