# JRE version: OpenJDK Runtime Environment (8.0_152-b06) (build 1.8.0_152-release-1136-b06)
# Java VM: OpenJDK 64-Bit Server VM (25.152-b06 mixed mode linux-amd64 compressed oops)
Heap:
 PSYoungGen      total 572416K, used 4584K [0x00000000d5580000, 0x0000000100000000, 0x0000000100000000)
  eden space 444928K, 0% used [0x00000000d5580000,0x00000000d5580000,0x00000000f0800000)
  from space 127488K, 3% used [0x00000000f8380000,0x00000000f87fa318,0x0000000100000000)
  to   space 126464K, 0% used [0x00000000f0800000,0x00000000f0800000,0x00000000f8380000)
 ParOldGen       total 768000K, used 767951K [0x0000000080000000, 0x00000000aee00000, 0x00000000d5580000)
  object space 768000K, 99% used [0x0000000080000000,0x00000000aedf3f30,0x00000000aee00000)
 Metaspace       used 6824K, capacity 7384K, committed 7680K, reserved 1056768K
  class space    used 619K, capacity 656K, committed 768K, reserved 1048576K
GC Heap History (10 events):
Event: 148.255 GC heap after
Heap after GC invocations=22 (full 5):
 PSYoungGen      total 572928K, used 63932K [0x00000000d5580000, 0x0000000100000000, 0x0000000100000000)
  eden space 446976K, 0% used [0x00000000d5580000,0x00000000d5580000,0x00000000f0a00000)
  from space 125952K, 50% used [0x00000000f0a00000,0x00000000f486f310,0x00000000f8500000)
  to   space 123904K, 0% used [0x00000000f8700000,0x00000000f8700000,0x0000000100000000)
 ParOldGen       total 601600K, used 502187K [0x0000000080000000, 0x00000000a4b80000, 0x00000000d5580000)
  object space 601600K, 83% used [0x0000000080000000,0x000000009ea6ac48,0x00000000a4b80000)
 Metaspace       used 6815K, capacity 7384K, committed 7680K, reserved 1056768K
  class space    used 618K, capacity 656K, committed 768K, reserved 1048576K
}
Event: 152.263 GC heap before
{Heap before GC invocations=23 (full 5):
 PSYoungGen      total 572928K, used 510908K [0x00000000d5580000, 0x0000000100000000, 0x0000000100000000)
  eden space 446976K, 100% used [0x00000000d5580000,0x00000000f0a00000,0x00000000f0a00000)
  from space 125952K, 50% used [0x00000000f0a00000,0x00000000f486f310,0x00000000f8500000)
  to   space 123904K, 0% used [0x00000000f8700000,0x00000000f8700000,0x0000000100000000)
 ParOldGen       total 601600K, used 502187K [0x0000000080000000, 0x00000000a4b80000, 0x00000000d5580000)
  object space 601600K, 83% used [0x0000000080000000,0x000000009ea6ac48,0x00000000a4b80000)
 Metaspace       used 6816K, capacity 7384K, committed 7680K, reserved 1056768K
  class space    used 618K, capacity 656K, committed 768K, reserved 1048576K
Event: 155.476 GC heap after
Heap after GC invocations=23 (full 5):
 PSYoungGen      total 570880K, used 74563K [0x00000000d5580000, 0x0000000100000000, 0x0000000100000000)
  eden space 446976K, 0% used [0x00000000d5580000,0x00000000d5580000,0x00000000f0a00000)
  from space 123904K, 60% used [0x00000000f8700000,0x00000000fcfd0c80,0x0000000100000000)
  to   space 125952K, 0% used [0x00000000f0a00000,0x00000000f0a00000,0x00000000f8500000)
 ParOldGen       total 601600K, used 561297K [0x0000000080000000, 0x00000000a4b80000, 0x00000000d5580000)
  object space 601600K, 93% used [0x0000000080000000,0x00000000a24244f0,0x00000000a4b80000)
 Metaspace       used 6816K, capacity 7384K, committed 7680K, reserved 1056768K
  class space    used 618K, capacity 656K, committed 768K, reserved 1048576K
}
Event: 155.476 GC heap before
{Heap before GC invocations=24 (full 6):
 PSYoungGen      total 570880K, used 74563K [0x00000000d5580000, 0x0000000100000000, 0x0000000100000000)
  eden space 446976K, 0% used [0x00000000d5580000,0x00000000d5580000,0x00000000f0a00000)
  from space 123904K, 60% used [0x00000000f8700000,0x00000000fcfd0c80,0x0000000100000000)
  to   space 125952K, 0% used [0x00000000f0a00000,0x00000000f0a00000,0x00000000f8500000)
 ParOldGen       total 601600K, used 561297K [0x0000000080000000, 0x00000000a4b80000, 0x00000000d5580000)
  object space 601600K, 93% used [0x0000000080000000,0x00000000a24244f0,0x00000000a4b80000)
 Metaspace       used 6816K, capacity 7384K, committed 7680K, reserved 1056768K
  class space    used 618K, capacity 656K, committed 768K, reserved 1048576K
Event: 160.103 GC heap after
Heap after GC invocations=24 (full 6):
 PSYoungGen      total 570880K, used 30280K [0x00000000d5580000, 0x0000000100000000, 0x0000000100000000)
  eden space 446976K, 0% used [0x00000000d5580000,0x00000000d5580000,0x00000000f0a00000)
  from space 123904K, 24% used [0x00000000f8700000,0x00000000fa492238,0x0000000100000000)
  to   space 125952K, 0% used [0x00000000f0a00000,0x00000000f0a00000,0x00000000f8500000)
 ParOldGen       total 768000K, used 601361K [0x0000000080000000, 0x00000000aee00000, 0x00000000d5580000)
  object space 768000K, 78% used [0x0000000080000000,0x00000000a4b44610,0x00000000aee00000)
 Metaspace       used 6816K, capacity 7384K, committed 7680K, reserved 1056768K
  class space    used 618K, capacity 656K, committed 768K, reserved 1048576K
}
Event: 163.382 GC heap before
{Heap before GC invocations=25 (full 6):
 PSYoungGen      total 570880K, used 477256K [0x00000000d5580000, 0x0000000100000000, 0x0000000100000000)
  eden space 446976K, 100% used [0x00000000d5580000,0x00000000f0a00000,0x00000000f0a00000)
  from space 123904K, 24% used [0x00000000f8700000,0x00000000fa492238,0x0000000100000000)
  to   space 125952K, 0% used [0x00000000f0a00000,0x00000000f0a00000,0x00000000f8500000)
 ParOldGen       total 768000K, used 601361K [0x0000000080000000, 0x00000000aee00000, 0x00000000d5580000)
  object space 768000K, 78% used [0x0000000080000000,0x00000000a4b44610,0x00000000aee00000)
 Metaspace       used 6818K, capacity 7384K, committed 7680K, reserved 1056768K
  class space    used 618K, capacity 656K, committed 768K, reserved 1048576K
Event: 170.053 GC heap after
Heap after GC invocations=25 (full 6):
 PSYoungGen      total 524288K, used 76855K [0x00000000d5580000, 0x0000000100000000, 0x0000000100000000)
  eden space 446976K, 0% used [0x00000000d5580000,0x00000000d5580000,0x00000000f0a00000)
  from space 77312K, 99% used [0x00000000f0a00000,0x00000000f550de80,0x00000000f5580000)
  to   space 127488K, 0% used [0x00000000f8380000,0x00000000f8380000,0x0000000100000000)
 ParOldGen       total 768000K, used 629798K [0x0000000080000000, 0x00000000aee00000, 0x00000000d5580000)
  object space 768000K, 82% used [0x0000000080000000,0x00000000a6709b20,0x00000000aee00000)
 Metaspace       used 6818K, capacity 7384K, committed 7680K, reserved 1056768K
  class space    used 618K, capacity 656K, committed 768K, reserved 1048576K
}
Event: 173.458 GC heap before
{Heap before GC invocations=26 (full 6):
 PSYoungGen      total 524288K, used 523831K [0x00000000d5580000, 0x0000000100000000, 0x0000000100000000)
  eden space 446976K, 100% used [0x00000000d5580000,0x00000000f0a00000,0x00000000f0a00000)
  from space 77312K, 99% used [0x00000000f0a00000,0x00000000f550de80,0x00000000f5580000)
  to   space 127488K, 0% used [0x00000000f8380000,0x00000000f8380000,0x0000000100000000)
 ParOldGen       total 768000K, used 629798K [0x0000000080000000, 0x00000000aee00000, 0x00000000d5580000)
  object space 768000K, 82% used [0x0000000080000000,0x00000000a6709b20,0x00000000aee00000)
 Metaspace       used 6824K, capacity 7384K, committed 7680K, reserved 1056768K
  class space    used 619K, capacity 656K, committed 768K, reserved 1048576K
Event: 180.234 GC heap after
Heap after GC invocations=26 (full 6):
 PSYoungGen      total 572416K, used 71836K [0x00000000d5580000, 0x0000000100000000, 0x0000000100000000)
  eden space 444928K, 0% used [0x00000000d5580000,0x00000000d5580000,0x00000000f0800000)
  from space 127488K, 56% used [0x00000000f8380000,0x00000000fc9a7100,0x0000000100000000)
  to   space 126464K, 0% used [0x00000000f0800000,0x00000000f0800000,0x00000000f8380000)
 ParOldGen       total 768000K, used 702668K [0x0000000080000000, 0x00000000aee00000, 0x00000000d5580000)
  object space 768000K, 91% used [0x0000000080000000,0x00000000aae33390,0x00000000aee00000)
 Metaspace       used 6824K, capacity 7384K, committed 7680K, reserved 1056768K
  class space    used 619K, capacity 656K, committed 768K, reserved 1048576K
}
Event: 180.234 GC heap before
{Heap before GC invocations=27 (full 7):
 PSYoungGen      total 572416K, used 71836K [0x00000000d5580000, 0x0000000100000000, 0x0000000100000000)
  eden space 444928K, 0% used [0x00000000d5580000,0x00000000d5580000,0x00000000f0800000)
  from space 127488K, 56% used [0x00000000f8380000,0x00000000fc9a7100,0x0000000100000000)
  to   space 126464K, 0% used [0x00000000f0800000,0x00000000f0800000,0x00000000f8380000)
 ParOldGen       total 768000K, used 702668K [0x0000000080000000, 0x00000000aee00000, 0x00000000d5580000)
  object space 768000K, 91% used [0x0000000080000000,0x00000000aae33390,0x00000000aee00000)
 Metaspace       used 6824K, capacity 7384K, committed 7680K, reserved 1056768K
  class space    used 619K, capacity 656K, committed 768K, reserved 1048576K

