# JRE version: OpenJDK Runtime Environment (8.0_152-b01) (build 1.8.0_152-release-1024-b01)
# Java VM: OpenJDK 64-Bit Server VM (25.152-b01 mixed mode linux-amd64 compressed oops)
Heap:
 PSYoungGen      total 544768K, used 0K [0x00000000d5580000, 0x0000000100000000, 0x0000000100000000)
  eden space 390656K, 0% used [0x00000000d5580000,0x00000000d5580000,0x00000000ed300000)
  from space 154112K, 0% used [0x00000000ed300000,0x00000000ed300000,0x00000000f6980000)
  to   space 145920K, 0% used [0x00000000f7180000,0x00000000f7180000,0x0000000100000000)
 ParOldGen       total 841216K, used 788010K [0x0000000080000000, 0x00000000b3580000, 0x00000000d5580000)
  object space 841216K, 93% used [0x0000000080000000,0x00000000b018a940,0x00000000b3580000)
 Metaspace       used 6888K, capacity 7448K, committed 7680K, reserved 1056768K
  class space    used 623K, capacity 656K, committed 768K, reserved 1048576K
GC Heap History (10 events):
Event: 53.035 GC heap after
Heap after GC invocations=22 (full 4):
 PSYoungGen      total 531456K, used 57149K [0x00000000d5580000, 0x00000000fec00000, 0x0000000100000000)
  eden space 410112K, 0% used [0x00000000d5580000,0x00000000d5580000,0x00000000ee600000)
  from space 121344K, 47% used [0x00000000f7580000,0x00000000fad4f558,0x00000000fec00000)
  to   space 134144K, 0% used [0x00000000ee600000,0x00000000ee600000,0x00000000f6900000)
 ParOldGen       total 609792K, used 544602K [0x0000000080000000, 0x00000000a5380000, 0x00000000d5580000)
  object space 609792K, 89% used [0x0000000080000000,0x00000000a13d6bd0,0x00000000a5380000)
 Metaspace       used 6814K, capacity 7384K, committed 7680K, reserved 1056768K
  class space    used 619K, capacity 656K, committed 768K, reserved 1048576K
}
Event: 53.036 GC heap before
{Heap before GC invocations=23 (full 5):
 PSYoungGen      total 531456K, used 57149K [0x00000000d5580000, 0x00000000fec00000, 0x0000000100000000)
  eden space 410112K, 0% used [0x00000000d5580000,0x00000000d5580000,0x00000000ee600000)
  from space 121344K, 47% used [0x00000000f7580000,0x00000000fad4f558,0x00000000fec00000)
  to   space 134144K, 0% used [0x00000000ee600000,0x00000000ee600000,0x00000000f6900000)
 ParOldGen       total 609792K, used 544602K [0x0000000080000000, 0x00000000a5380000, 0x00000000d5580000)
  object space 609792K, 89% used [0x0000000080000000,0x00000000a13d6bd0,0x00000000a5380000)
 Metaspace       used 6814K, capacity 7384K, committed 7680K, reserved 1056768K
  class space    used 619K, capacity 656K, committed 768K, reserved 1048576K
Event: 55.191 GC heap after
Heap after GC invocations=23 (full 5):
 PSYoungGen      total 531456K, used 0K [0x00000000d5580000, 0x00000000fec00000, 0x0000000100000000)
  eden space 410112K, 0% used [0x00000000d5580000,0x00000000d5580000,0x00000000ee600000)
  from space 121344K, 0% used [0x00000000f7580000,0x00000000f7580000,0x00000000fec00000)
  to   space 134144K, 0% used [0x00000000ee600000,0x00000000ee600000,0x00000000f6900000)
 ParOldGen       total 841216K, used 596413K [0x0000000080000000, 0x00000000b3580000, 0x00000000d5580000)
  object space 841216K, 70% used [0x0000000080000000,0x00000000a466f7f0,0x00000000b3580000)
 Metaspace       used 6814K, capacity 7384K, committed 7680K, reserved 1056768K
  class space    used 619K, capacity 656K, committed 768K, reserved 1048576K
}
Event: 57.340 GC heap before
{Heap before GC invocations=24 (full 5):
 PSYoungGen      total 531456K, used 410112K [0x00000000d5580000, 0x00000000fec00000, 0x0000000100000000)
  eden space 410112K, 100% used [0x00000000d5580000,0x00000000ee600000,0x00000000ee600000)
  from space 121344K, 0% used [0x00000000f7580000,0x00000000f7580000,0x00000000fec00000)
  to   space 134144K, 0% used [0x00000000ee600000,0x00000000ee600000,0x00000000f6900000)
 ParOldGen       total 841216K, used 596413K [0x0000000080000000, 0x00000000b3580000, 0x00000000d5580000)
  object space 841216K, 70% used [0x0000000080000000,0x00000000a466f7f0,0x00000000b3580000)
 Metaspace       used 6816K, capacity 7384K, committed 7680K, reserved 1056768K
  class space    used 619K, capacity 656K, committed 768K, reserved 1048576K
Event: 57.443 GC heap after
Heap after GC invocations=24 (full 5):
 PSYoungGen      total 544256K, used 68673K [0x00000000d5580000, 0x0000000100000000, 0x0000000100000000)
  eden space 410112K, 0% used [0x00000000d5580000,0x00000000d5580000,0x00000000ee600000)
  from space 134144K, 51% used [0x00000000ee600000,0x00000000f29106a0,0x00000000f6900000)
  to   space 131072K, 0% used [0x00000000f8000000,0x00000000f8000000,0x0000000100000000)
 ParOldGen       total 841216K, used 596413K [0x0000000080000000, 0x00000000b3580000, 0x00000000d5580000)
  object space 841216K, 70% used [0x0000000080000000,0x00000000a466f7f0,0x00000000b3580000)
 Metaspace       used 6816K, capacity 7384K, committed 7680K, reserved 1056768K
  class space    used 619K, capacity 656K, committed 768K, reserved 1048576K
}
Event: 58.638 GC heap before
{Heap before GC invocations=25 (full 5):
 PSYoungGen      total 544256K, used 478785K [0x00000000d5580000, 0x0000000100000000, 0x0000000100000000)
  eden space 410112K, 100% used [0x00000000d5580000,0x00000000ee600000,0x00000000ee600000)
  from space 134144K, 51% used [0x00000000ee600000,0x00000000f29106a0,0x00000000f6900000)
  to   space 131072K, 0% used [0x00000000f8000000,0x00000000f8000000,0x0000000100000000)
 ParOldGen       total 841216K, used 596413K [0x0000000080000000, 0x00000000b3580000, 0x00000000d5580000)
  object space 841216K, 70% used [0x0000000080000000,0x00000000a466f7f0,0x00000000b3580000)
 Metaspace       used 6816K, capacity 7384K, committed 7680K, reserved 1056768K
  class space    used 619K, capacity 656K, committed 768K, reserved 1048576K
Event: 58.824 GC heap after
Heap after GC invocations=25 (full 5):
 PSYoungGen      total 521728K, used 131067K [0x00000000d5580000, 0x0000000100000000, 0x0000000100000000)
  eden space 390656K, 0% used [0x00000000d5580000,0x00000000d5580000,0x00000000ed300000)
  from space 131072K, 99% used [0x00000000f8000000,0x00000000ffffed48,0x0000000100000000)
  to   space 154112K, 0% used [0x00000000ed300000,0x00000000ed300000,0x00000000f6980000)
 ParOldGen       total 841216K, used 603118K [0x0000000080000000, 0x00000000b3580000, 0x00000000d5580000)
  object space 841216K, 71% used [0x0000000080000000,0x00000000a4cfb888,0x00000000b3580000)
 Metaspace       used 6816K, capacity 7384K, committed 7680K, reserved 1056768K
  class space    used 619K, capacity 656K, committed 768K, reserved 1048576K
}
Event: 60.461 GC heap before
{Heap before GC invocations=26 (full 5):
 PSYoungGen      total 521728K, used 521723K [0x00000000d5580000, 0x0000000100000000, 0x0000000100000000)
  eden space 390656K, 100% used [0x00000000d5580000,0x00000000ed300000,0x00000000ed300000)
  from space 131072K, 99% used [0x00000000f8000000,0x00000000ffffed48,0x0000000100000000)
  to   space 154112K, 0% used [0x00000000ed300000,0x00000000ed300000,0x00000000f6980000)
 ParOldGen       total 841216K, used 603118K [0x0000000080000000, 0x00000000b3580000, 0x00000000d5580000)
  object space 841216K, 71% used [0x0000000080000000,0x00000000a4cfb888,0x00000000b3580000)
 Metaspace       used 6888K, capacity 7448K, committed 7680K, reserved 1056768K
  class space    used 623K, capacity 656K, committed 768K, reserved 1048576K
Event: 62.583 GC heap after
Heap after GC invocations=26 (full 5):
 PSYoungGen      total 544768K, used 66804K [0x00000000d5580000, 0x0000000100000000, 0x0000000100000000)
  eden space 390656K, 0% used [0x00000000d5580000,0x00000000d5580000,0x00000000ed300000)
  from space 154112K, 43% used [0x00000000ed300000,0x00000000f143d280,0x00000000f6980000)
  to   space 145920K, 0% used [0x00000000f7180000,0x00000000f7180000,0x0000000100000000)
 ParOldGen       total 841216K, used 733941K [0x0000000080000000, 0x00000000b3580000, 0x00000000d5580000)
  object space 841216K, 87% used [0x0000000080000000,0x00000000accbd6d8,0x00000000b3580000)
 Metaspace       used 6888K, capacity 7448K, committed 7680K, reserved 1056768K
  class space    used 623K, capacity 656K, committed 768K, reserved 1048576K
}
Event: 62.583 GC heap before
{Heap before GC invocations=27 (full 6):
 PSYoungGen      total 544768K, used 66804K [0x00000000d5580000, 0x0000000100000000, 0x0000000100000000)
  eden space 390656K, 0% used [0x00000000d5580000,0x00000000d5580000,0x00000000ed300000)
  from space 154112K, 43% used [0x00000000ed300000,0x00000000f143d280,0x00000000f6980000)
  to   space 145920K, 0% used [0x00000000f7180000,0x00000000f7180000,0x0000000100000000)
 ParOldGen       total 841216K, used 733941K [0x0000000080000000, 0x00000000b3580000, 0x00000000d5580000)
  object space 841216K, 87% used [0x0000000080000000,0x00000000accbd6d8,0x00000000b3580000)
 Metaspace       used 6888K, capacity 7448K, committed 7680K, reserved 1056768K
  class space    used 623K, capacity 656K, committed 768K, reserved 1048576K

