# JRE version: OpenJDK Runtime Environment (8.0_152-b01) (build 1.8.0_152-release-1024-b01)
# Java VM: OpenJDK 64-Bit Server VM (25.152-b01 mixed mode linux-amd64 compressed oops)
Heap:
 PSYoungGen      total 570368K, used 0K [0x00000000d5580000, 0x00000000ff980000, 0x0000000100000000)
  eden space 445952K, 0% used [0x00000000d5580000,0x00000000d5580000,0x00000000f0900000)
  from space 124416K, 0% used [0x00000000f0900000,0x00000000f0900000,0x00000000f8280000)
  to   space 120320K, 0% used [0x00000000f8400000,0x00000000f8400000,0x00000000ff980000)
 ParOldGen       total 827904K, used 827014K [0x0000000080000000, 0x00000000b2880000, 0x00000000d5580000)
  object space 827904K, 99% used [0x0000000080000000,0x00000000b27a1958,0x00000000b2880000)
 Metaspace       used 6941K, capacity 7512K, committed 7680K, reserved 1056768K
  class space    used 627K, capacity 656K, committed 768K, reserved 1048576K
GC Heap History (10 events):
Event: 155.122 GC heap after
Heap after GC invocations=20 (full 4):
 PSYoungGen      total 562688K, used 74838K [0x00000000d5580000, 0x0000000100000000, 0x0000000100000000)
  eden space 437760K, 0% used [0x00000000d5580000,0x00000000d5580000,0x00000000f0100000)
  from space 124928K, 59% used [0x00000000f7c00000,0x00000000fc515990,0x00000000ff600000)
  to   space 125952K, 0% used [0x00000000f0100000,0x00000000f0100000,0x00000000f7c00000)
 ParOldGen       total 613888K, used 567428K [0x0000000080000000, 0x00000000a5780000, 0x00000000d5580000)
  object space 613888K, 92% used [0x0000000080000000,0x00000000a2a211a8,0x00000000a5780000)
 Metaspace       used 6803K, capacity 7384K, committed 7680K, reserved 1056768K
  class space    used 619K, capacity 656K, committed 768K, reserved 1048576K
}
Event: 155.122 GC heap before
{Heap before GC invocations=21 (full 5):
 PSYoungGen      total 562688K, used 74838K [0x00000000d5580000, 0x0000000100000000, 0x0000000100000000)
  eden space 437760K, 0% used [0x00000000d5580000,0x00000000d5580000,0x00000000f0100000)
  from space 124928K, 59% used [0x00000000f7c00000,0x00000000fc515990,0x00000000ff600000)
  to   space 125952K, 0% used [0x00000000f0100000,0x00000000f0100000,0x00000000f7c00000)
 ParOldGen       total 613888K, used 567428K [0x0000000080000000, 0x00000000a5780000, 0x00000000d5580000)
  object space 613888K, 92% used [0x0000000080000000,0x00000000a2a211a8,0x00000000a5780000)
 Metaspace       used 6803K, capacity 7384K, committed 7680K, reserved 1056768K
  class space    used 619K, capacity 656K, committed 768K, reserved 1048576K
Event: 165.625 GC heap after
Heap after GC invocations=21 (full 5):
 PSYoungGen      total 562688K, used 23388K [0x00000000d5580000, 0x0000000100000000, 0x0000000100000000)
  eden space 437760K, 0% used [0x00000000d5580000,0x00000000d5580000,0x00000000f0100000)
  from space 124928K, 18% used [0x00000000f7c00000,0x00000000f92d73d0,0x00000000ff600000)
  to   space 125952K, 0% used [0x00000000f0100000,0x00000000f0100000,0x00000000f7c00000)
 ParOldGen       total 827904K, used 613480K [0x0000000080000000, 0x00000000b2880000, 0x00000000d5580000)
  object space 827904K, 74% used [0x0000000080000000,0x00000000a571a2f8,0x00000000b2880000)
 Metaspace       used 6803K, capacity 7384K, committed 7680K, reserved 1056768K
  class space    used 619K, capacity 656K, committed 768K, reserved 1048576K
}
Event: 173.465 GC heap before
{Heap before GC invocations=22 (full 5):
 PSYoungGen      total 562688K, used 461148K [0x00000000d5580000, 0x0000000100000000, 0x0000000100000000)
  eden space 437760K, 100% used [0x00000000d5580000,0x00000000f0100000,0x00000000f0100000)
  from space 124928K, 18% used [0x00000000f7c00000,0x00000000f92d73d0,0x00000000ff600000)
  to   space 125952K, 0% used [0x00000000f0100000,0x00000000f0100000,0x00000000f7c00000)
 ParOldGen       total 827904K, used 613480K [0x0000000080000000, 0x00000000b2880000, 0x00000000d5580000)
  object space 827904K, 74% used [0x0000000080000000,0x00000000a571a2f8,0x00000000b2880000)
 Metaspace       used 6806K, capacity 7384K, committed 7680K, reserved 1056768K
  class space    used 619K, capacity 656K, committed 768K, reserved 1048576K
Event: 176.378 GC heap after
Heap after GC invocations=22 (full 5):
 PSYoungGen      total 563712K, used 76140K [0x00000000d5580000, 0x0000000100000000, 0x0000000100000000)
  eden space 437760K, 0% used [0x00000000d5580000,0x00000000d5580000,0x00000000f0100000)
  from space 125952K, 60% used [0x00000000f0100000,0x00000000f4b5b280,0x00000000f7c00000)
  to   space 126976K, 0% used [0x00000000f8400000,0x00000000f8400000,0x0000000100000000)
 ParOldGen       total 827904K, used 634520K [0x0000000080000000, 0x00000000b2880000, 0x00000000d5580000)
  object space 827904K, 76% used [0x0000000080000000,0x00000000a6ba61b8,0x00000000b2880000)
 Metaspace       used 6806K, capacity 7384K, committed 7680K, reserved 1056768K
  class space    used 619K, capacity 656K, committed 768K, reserved 1048576K
}
Event: 178.470 GC heap before
{Heap before GC invocations=23 (full 5):
 PSYoungGen      total 563712K, used 513900K [0x00000000d5580000, 0x0000000100000000, 0x0000000100000000)
  eden space 437760K, 100% used [0x00000000d5580000,0x00000000f0100000,0x00000000f0100000)
  from space 125952K, 60% used [0x00000000f0100000,0x00000000f4b5b280,0x00000000f7c00000)
  to   space 126976K, 0% used [0x00000000f8400000,0x00000000f8400000,0x0000000100000000)
 ParOldGen       total 827904K, used 634520K [0x0000000080000000, 0x00000000b2880000, 0x00000000d5580000)
  object space 827904K, 76% used [0x0000000080000000,0x00000000a6ba61b8,0x00000000b2880000)
 Metaspace       used 6844K, capacity 7384K, committed 7680K, reserved 1056768K
  class space    used 623K, capacity 656K, committed 768K, reserved 1048576K
Event: 183.503 GC heap after
Heap after GC invocations=23 (full 5):
 PSYoungGen      total 568832K, used 69783K [0x00000000d5580000, 0x00000000ffc00000, 0x0000000100000000)
  eden space 445952K, 0% used [0x00000000d5580000,0x00000000d5580000,0x00000000f0900000)
  from space 122880K, 56% used [0x00000000f8400000,0x00000000fc825f20,0x00000000ffc00000)
  to   space 124416K, 0% used [0x00000000f0900000,0x00000000f0900000,0x00000000f8280000)
 ParOldGen       total 827904K, used 707186K [0x0000000080000000, 0x00000000b2880000, 0x00000000d5580000)
  object space 827904K, 85% used [0x0000000080000000,0x00000000ab29c8d0,0x00000000b2880000)
 Metaspace       used 6844K, capacity 7384K, committed 7680K, reserved 1056768K
  class space    used 623K, capacity 656K, committed 768K, reserved 1048576K
}
Event: 187.999 GC heap before
{Heap before GC invocations=24 (full 5):
 PSYoungGen      total 568832K, used 515735K [0x00000000d5580000, 0x00000000ffc00000, 0x0000000100000000)
  eden space 445952K, 100% used [0x00000000d5580000,0x00000000f0900000,0x00000000f0900000)
  from space 122880K, 56% used [0x00000000f8400000,0x00000000fc825f20,0x00000000ffc00000)
  to   space 124416K, 0% used [0x00000000f0900000,0x00000000f0900000,0x00000000f8280000)
 ParOldGen       total 827904K, used 707186K [0x0000000080000000, 0x00000000b2880000, 0x00000000d5580000)
  object space 827904K, 85% used [0x0000000080000000,0x00000000ab29c8d0,0x00000000b2880000)
 Metaspace       used 6941K, capacity 7512K, committed 7680K, reserved 1056768K
  class space    used 627K, capacity 656K, committed 768K, reserved 1048576K
Event: 194.626 GC heap after
Heap after GC invocations=24 (full 5):
 PSYoungGen      total 570368K, used 65113K [0x00000000d5580000, 0x00000000ff980000, 0x0000000100000000)
  eden space 445952K, 0% used [0x00000000d5580000,0x00000000d5580000,0x00000000f0900000)
  from space 124416K, 52% used [0x00000000f0900000,0x00000000f48965d8,0x00000000f8280000)
  to   space 120320K, 0% used [0x00000000f8400000,0x00000000f8400000,0x00000000ff980000)
 ParOldGen       total 827904K, used 773756K [0x0000000080000000, 0x00000000b2880000, 0x00000000d5580000)
  object space 827904K, 93% used [0x0000000080000000,0x00000000af39f080,0x00000000b2880000)
 Metaspace       used 6941K, capacity 7512K, committed 7680K, reserved 1056768K
  class space    used 627K, capacity 656K, committed 768K, reserved 1048576K
}
Event: 194.626 GC heap before
{Heap before GC invocations=25 (full 6):
 PSYoungGen      total 570368K, used 65113K [0x00000000d5580000, 0x00000000ff980000, 0x0000000100000000)
  eden space 445952K, 0% used [0x00000000d5580000,0x00000000d5580000,0x00000000f0900000)
  from space 124416K, 52% used [0x00000000f0900000,0x00000000f48965d8,0x00000000f8280000)
  to   space 120320K, 0% used [0x00000000f8400000,0x00000000f8400000,0x00000000ff980000)
 ParOldGen       total 827904K, used 773756K [0x0000000080000000, 0x00000000b2880000, 0x00000000d5580000)
  object space 827904K, 93% used [0x0000000080000000,0x00000000af39f080,0x00000000b2880000)
 Metaspace       used 6941K, capacity 7512K, committed 7680K, reserved 1056768K
  class space    used 627K, capacity 656K, committed 768K, reserved 1048576K

