# JRE version: OpenJDK Runtime Environment (8.0_152-b01) (build 1.8.0_152-release-1024-b01)
# Java VM: OpenJDK 64-Bit Server VM (25.152-b01 mixed mode linux-amd64 compressed oops)
Heap:
 PSYoungGen      total 572416K, used 15626K [0x00000000d5580000, 0x0000000100000000, 0x0000000100000000)
  eden space 445440K, 0% used [0x00000000d5580000,0x00000000d5580000,0x00000000f0880000)
  from space 126976K, 12% used [0x00000000f8400000,0x00000000f9342ad0,0x0000000100000000)
  to   space 126464K, 0% used [0x00000000f0880000,0x00000000f0880000,0x00000000f8400000)
 ParOldGen       total 755200K, used 755153K [0x0000000080000000, 0x00000000ae180000, 0x00000000d5580000)
  object space 755200K, 99% used [0x0000000080000000,0x00000000ae174598,0x00000000ae180000)
 Metaspace       used 6818K, capacity 7384K, committed 7680K, reserved 1056768K
  class space    used 620K, capacity 656K, committed 768K, reserved 1048576K
GC Heap History (10 events):
Event: 68.299 GC heap after
Heap after GC invocations=21 (full 4):
 PSYoungGen      total 575488K, used 65655K [0x00000000d5580000, 0x0000000100000000, 0x0000000100000000)
  eden space 452096K, 0% used [0x00000000d5580000,0x00000000d5580000,0x00000000f0f00000)
  from space 123392K, 53% used [0x00000000f0f00000,0x00000000f4f1de38,0x00000000f8780000)
  to   space 122368K, 0% used [0x00000000f8880000,0x00000000f8880000,0x0000000100000000)
 ParOldGen       total 581120K, used 498590K [0x0000000080000000, 0x00000000a3780000, 0x00000000d5580000)
  object space 581120K, 85% used [0x0000000080000000,0x000000009e6e7bf0,0x00000000a3780000)
 Metaspace       used 6814K, capacity 7384K, committed 7680K, reserved 1056768K
  class space    used 619K, capacity 656K, committed 768K, reserved 1048576K
}
Event: 68.299 GC heap before
{Heap before GC invocations=22 (full 5):
 PSYoungGen      total 575488K, used 65655K [0x00000000d5580000, 0x0000000100000000, 0x0000000100000000)
  eden space 452096K, 0% used [0x00000000d5580000,0x00000000d5580000,0x00000000f0f00000)
  from space 123392K, 53% used [0x00000000f0f00000,0x00000000f4f1de38,0x00000000f8780000)
  to   space 122368K, 0% used [0x00000000f8880000,0x00000000f8880000,0x0000000100000000)
 ParOldGen       total 581120K, used 498590K [0x0000000080000000, 0x00000000a3780000, 0x00000000d5580000)
  object space 581120K, 85% used [0x0000000080000000,0x000000009e6e7bf0,0x00000000a3780000)
 Metaspace       used 6814K, capacity 7384K, committed 7680K, reserved 1056768K
  class space    used 619K, capacity 656K, committed 768K, reserved 1048576K
Event: 69.696 GC heap after
Heap after GC invocations=22 (full 5):
 PSYoungGen      total 575488K, used 0K [0x00000000d5580000, 0x0000000100000000, 0x0000000100000000)
  eden space 452096K, 0% used [0x00000000d5580000,0x00000000d5580000,0x00000000f0f00000)
  from space 123392K, 0% used [0x00000000f0f00000,0x00000000f0f00000,0x00000000f8780000)
  to   space 122368K, 0% used [0x00000000f8880000,0x00000000f8880000,0x0000000100000000)
 ParOldGen       total 755200K, used 562633K [0x0000000080000000, 0x00000000ae180000, 0x00000000d5580000)
  object space 755200K, 74% used [0x0000000080000000,0x00000000a2572550,0x00000000ae180000)
 Metaspace       used 6814K, capacity 7384K, committed 7680K, reserved 1056768K
  class space    used 619K, capacity 656K, committed 768K, reserved 1048576K
}
Event: 71.254 GC heap before
{Heap before GC invocations=23 (full 5):
 PSYoungGen      total 575488K, used 452096K [0x00000000d5580000, 0x0000000100000000, 0x0000000100000000)
  eden space 452096K, 100% used [0x00000000d5580000,0x00000000f0f00000,0x00000000f0f00000)
  from space 123392K, 0% used [0x00000000f0f00000,0x00000000f0f00000,0x00000000f8780000)
  to   space 122368K, 0% used [0x00000000f8880000,0x00000000f8880000,0x0000000100000000)
 ParOldGen       total 755200K, used 562633K [0x0000000080000000, 0x00000000ae180000, 0x00000000d5580000)
  object space 755200K, 74% used [0x0000000080000000,0x00000000a2572550,0x00000000ae180000)
 Metaspace       used 6815K, capacity 7384K, committed 7680K, reserved 1056768K
  class space    used 619K, capacity 656K, committed 768K, reserved 1048576K
Event: 71.318 GC heap after
Heap after GC invocations=23 (full 5):
 PSYoungGen      total 571392K, used 75331K [0x00000000d5580000, 0x0000000100000000, 0x0000000100000000)
  eden space 449024K, 0% used [0x00000000d5580000,0x00000000d5580000,0x00000000f0c00000)
  from space 122368K, 61% used [0x00000000f8880000,0x00000000fd210cf0,0x0000000100000000)
  to   space 124928K, 0% used [0x00000000f0c00000,0x00000000f0c00000,0x00000000f8600000)
 ParOldGen       total 755200K, used 562633K [0x0000000080000000, 0x00000000ae180000, 0x00000000d5580000)
  object space 755200K, 74% used [0x0000000080000000,0x00000000a2572550,0x00000000ae180000)
 Metaspace       used 6815K, capacity 7384K, committed 7680K, reserved 1056768K
  class space    used 619K, capacity 656K, committed 768K, reserved 1048576K
}
Event: 73.174 GC heap before
{Heap before GC invocations=24 (full 5):
 PSYoungGen      total 571392K, used 524355K [0x00000000d5580000, 0x0000000100000000, 0x0000000100000000)
  eden space 449024K, 100% used [0x00000000d5580000,0x00000000f0c00000,0x00000000f0c00000)
  from space 122368K, 61% used [0x00000000f8880000,0x00000000fd210cf0,0x0000000100000000)
  to   space 124928K, 0% used [0x00000000f0c00000,0x00000000f0c00000,0x00000000f8600000)
 ParOldGen       total 755200K, used 562633K [0x0000000080000000, 0x00000000ae180000, 0x00000000d5580000)
  object space 755200K, 74% used [0x0000000080000000,0x00000000a2572550,0x00000000ae180000)
 Metaspace       used 6815K, capacity 7384K, committed 7680K, reserved 1056768K
  class space    used 619K, capacity 656K, committed 768K, reserved 1048576K
Event: 73.749 GC heap after
Heap after GC invocations=24 (full 5):
 PSYoungGen      total 525824K, used 76496K [0x00000000d5580000, 0x0000000100000000, 0x0000000100000000)
  eden space 449024K, 0% used [0x00000000d5580000,0x00000000d5580000,0x00000000f0c00000)
  from space 76800K, 99% used [0x00000000f0c00000,0x00000000f56b43b8,0x00000000f5700000)
  to   space 126976K, 0% used [0x00000000f8400000,0x00000000f8400000,0x0000000100000000)
 ParOldGen       total 755200K, used 635979K [0x0000000080000000, 0x00000000ae180000, 0x00000000d5580000)
  object space 755200K, 84% used [0x0000000080000000,0x00000000a6d12ee8,0x00000000ae180000)
 Metaspace       used 6815K, capacity 7384K, committed 7680K, reserved 1056768K
  class space    used 619K, capacity 656K, committed 768K, reserved 1048576K
}
Event: 75.971 GC heap before
{Heap before GC invocations=25 (full 5):
 PSYoungGen      total 525824K, used 525520K [0x00000000d5580000, 0x0000000100000000, 0x0000000100000000)
  eden space 449024K, 100% used [0x00000000d5580000,0x00000000f0c00000,0x00000000f0c00000)
  from space 76800K, 99% used [0x00000000f0c00000,0x00000000f56b43b8,0x00000000f5700000)
  to   space 126976K, 0% used [0x00000000f8400000,0x00000000f8400000,0x0000000100000000)
 ParOldGen       total 755200K, used 635979K [0x0000000080000000, 0x00000000ae180000, 0x00000000d5580000)
  object space 755200K, 84% used [0x0000000080000000,0x00000000a6d12ee8,0x00000000ae180000)
 Metaspace       used 6818K, capacity 7384K, committed 7680K, reserved 1056768K
  class space    used 620K, capacity 656K, committed 768K, reserved 1048576K
Event: 78.439 GC heap after
Heap after GC invocations=25 (full 5):
 PSYoungGen      total 572416K, used 72694K [0x00000000d5580000, 0x0000000100000000, 0x0000000100000000)
  eden space 445440K, 0% used [0x00000000d5580000,0x00000000d5580000,0x00000000f0880000)
  from space 126976K, 57% used [0x00000000f8400000,0x00000000fcafd9c8,0x0000000100000000)
  to   space 126464K, 0% used [0x00000000f0880000,0x00000000f0880000,0x00000000f8400000)
 ParOldGen       total 755200K, used 708768K [0x0000000080000000, 0x00000000ae180000, 0x00000000d5580000)
  object space 755200K, 93% used [0x0000000080000000,0x00000000ab428210,0x00000000ae180000)
 Metaspace       used 6818K, capacity 7384K, committed 7680K, reserved 1056768K
  class space    used 620K, capacity 656K, committed 768K, reserved 1048576K
}
Event: 78.439 GC heap before
{Heap before GC invocations=26 (full 6):
 PSYoungGen      total 572416K, used 72694K [0x00000000d5580000, 0x0000000100000000, 0x0000000100000000)
  eden space 445440K, 0% used [0x00000000d5580000,0x00000000d5580000,0x00000000f0880000)
  from space 126976K, 57% used [0x00000000f8400000,0x00000000fcafd9c8,0x0000000100000000)
  to   space 126464K, 0% used [0x00000000f0880000,0x00000000f0880000,0x00000000f8400000)
 ParOldGen       total 755200K, used 708768K [0x0000000080000000, 0x00000000ae180000, 0x00000000d5580000)
  object space 755200K, 93% used [0x0000000080000000,0x00000000ab428210,0x00000000ae180000)
 Metaspace       used 6818K, capacity 7384K, committed 7680K, reserved 1056768K
  class space    used 620K, capacity 656K, committed 768K, reserved 1048576K

